This is pdfTeX, Version 3.14159265-2.6-1.40.20 (TeX Live 2019) (preloaded format=pdflatex 2020.1.25)  5 JUN 2022 14:36
entering extended mode
 \write18 enabled.
 file:line:error style messages enabled.
 %&-line parsing enabled.
**presentation.tex
(./presentation.tex
LaTeX2e <2019-10-01> patch level 3
(./config/commands.tex
(/usr/local/texlive/2019/texmf-dist/tex/latex/beamer/beamer.cls
Document Class: beamer 2019/09/29 v3.57 A class for typesetting presentations
(/usr/local/texlive/2019/texmf-dist/tex/latex/beamer/beamerbasemodes.sty
(/usr/local/texlive/2019/texmf-dist/tex/latex/etoolbox/etoolbox.sty
Package: etoolbox 2019/09/21 v2.5h e-TeX tools for LaTeX (JAW)
\etb@tempcnta=\count80
)
\beamer@tempbox=\box27
\beamer@tempcount=\count81
\c@beamerpauses=\count82

(/usr/local/texlive/2019/texmf-dist/tex/latex/beamer/beamerbasedecode.sty
\beamer@slideinframe=\count83
\beamer@minimum=\count84
\beamer@decode@box=\box28
)
\beamer@commentbox=\box29
\beamer@modecount=\count85
)
(/usr/local/texlive/2019/texmf-dist/tex/generic/iftex/ifpdf.sty
Package: ifpdf 2019/10/25 v3.4 ifpdf legacy package. Use iftex instead.

(/usr/local/texlive/2019/texmf-dist/tex/generic/iftex/iftex.sty
Package: iftex 2019/11/07 v1.0c TeX engine tests
))
\headdp=\dimen102
\footheight=\dimen103
\sidebarheight=\dimen104
\beamer@tempdim=\dimen105
\beamer@finalheight=\dimen106
\beamer@animht=\dimen107
\beamer@animdp=\dimen108
\beamer@animwd=\dimen109
\beamer@leftmargin=\dimen110
\beamer@rightmargin=\dimen111
\beamer@leftsidebar=\dimen112
\beamer@rightsidebar=\dimen113
\beamer@boxsize=\dimen114
\beamer@vboxoffset=\dimen115
\beamer@descdefault=\dimen116
\beamer@descriptionwidth=\dimen117
\beamer@lastskip=\skip41
\beamer@areabox=\box30
\beamer@animcurrent=\box31
\beamer@animshowbox=\box32
\beamer@sectionbox=\box33
\beamer@logobox=\box34
\beamer@linebox=\box35
\beamer@sectioncount=\count86
\beamer@subsubsectionmax=\count87
\beamer@subsectionmax=\count88
\beamer@sectionmax=\count89
\beamer@totalheads=\count90
\beamer@headcounter=\count91
\beamer@partstartpage=\count92
\beamer@sectionstartpage=\count93
\beamer@subsectionstartpage=\count94
\beamer@animationtempa=\count95
\beamer@animationtempb=\count96
\beamer@xpos=\count97
\beamer@ypos=\count98
\beamer@ypos@offset=\count99
\beamer@showpartnumber=\count100
\beamer@currentsubsection=\count101
\beamer@coveringdepth=\count102
\beamer@sectionadjust=\count103
\beamer@tocsectionnumber=\count104

(/usr/local/texlive/2019/texmf-dist/tex/latex/beamer/beamerbaseoptions.sty
(/usr/local/texlive/2019/texmf-dist/tex/latex/graphics/keyval.sty
Package: keyval 2014/10/28 v1.15 key=value parser (DPC)
\KV@toks@=\toks14
))
\beamer@paperwidth=\skip42
\beamer@paperheight=\skip43

(/usr/local/texlive/2019/texmf-dist/tex/latex/geometry/geometry.sty
Package: geometry 2020/01/02 v5.9 Page Geometry

(/usr/local/texlive/2019/texmf-dist/tex/generic/iftex/ifvtex.sty
Package: ifvtex 2019/10/25 v1.7 ifvtex legacy package. Use iftex instead.
)
\Gm@cnth=\count105
\Gm@cntv=\count106
\c@Gm@tempcnt=\count107
\Gm@bindingoffset=\dimen118
\Gm@wd@mp=\dimen119
\Gm@odd@mp=\dimen120
\Gm@even@mp=\dimen121
\Gm@layoutwidth=\dimen122
\Gm@layoutheight=\dimen123
\Gm@layouthoffset=\dimen124
\Gm@layoutvoffset=\dimen125
\Gm@dimlist=\toks15
)
(/usr/local/texlive/2019/texmf-dist/tex/latex/base/size12.clo
File: size12.clo 2019/10/25 v1.4k Standard LaTeX file (size option)
)
(/usr/local/texlive/2019/texmf-dist/tex/latex/pgf/basiclayer/pgfcore.sty
(/usr/local/texlive/2019/texmf-dist/tex/latex/graphics/graphicx.sty
Package: graphicx 2017/06/01 v1.1a Enhanced LaTeX Graphics (DPC,SPQR)

(/usr/local/texlive/2019/texmf-dist/tex/latex/graphics/graphics.sty
Package: graphics 2019/11/01 v1.3d Standard LaTeX Graphics (DPC,SPQR)

(/usr/local/texlive/2019/texmf-dist/tex/latex/graphics/trig.sty
Package: trig 2016/01/03 v1.10 sin cos tan (DPC)
)
(/usr/local/texlive/2019/texmf-dist/tex/latex/graphics-cfg/graphics.cfg
File: graphics.cfg 2016/06/04 v1.11 sample graphics configuration
)
Package graphics Info: Driver file: pdftex.def on input line 105.

(/usr/local/texlive/2019/texmf-dist/tex/latex/graphics-def/pdftex.def
File: pdftex.def 2018/01/08 v1.0l Graphics/color driver for pdftex
))
\Gin@req@height=\dimen126
\Gin@req@width=\dimen127
)
(/usr/local/texlive/2019/texmf-dist/tex/latex/pgf/systemlayer/pgfsys.sty
(/usr/local/texlive/2019/texmf-dist/tex/latex/pgf/utilities/pgfrcs.sty
(/usr/local/texlive/2019/texmf-dist/tex/generic/pgf/utilities/pgfutil-common.te
x
\pgfutil@everybye=\toks16
\pgfutil@tempdima=\dimen128
\pgfutil@tempdimb=\dimen129

(/usr/local/texlive/2019/texmf-dist/tex/generic/pgf/utilities/pgfutil-common-li
sts.tex))
(/usr/local/texlive/2019/texmf-dist/tex/generic/pgf/utilities/pgfutil-latex.def
\pgfutil@abb=\box36
(/usr/local/texlive/2019/texmf-dist/tex/latex/ms/everyshi.sty
Package: everyshi 2001/05/15 v3.00 EveryShipout Package (MS)
))
(/usr/local/texlive/2019/texmf-dist/tex/generic/pgf/utilities/pgfrcs.code.tex
(/usr/local/texlive/2019/texmf-dist/tex/generic/pgf/pgf.revision.tex)
Package: pgfrcs 2020/01/08 v3.1.5b (3.1.5b)
))
(/usr/local/texlive/2019/texmf-dist/tex/generic/pgf/systemlayer/pgfsys.code.tex
Package: pgfsys 2020/01/08 v3.1.5b (3.1.5b)
(/usr/local/texlive/2019/texmf-dist/tex/generic/pgf/utilities/pgfkeys.code.tex
\pgfkeys@pathtoks=\toks17
\pgfkeys@temptoks=\toks18

(/usr/local/texlive/2019/texmf-dist/tex/generic/pgf/utilities/pgfkeysfiltered.c
ode.tex
\pgfkeys@tmptoks=\toks19
))
\pgf@x=\dimen130
\pgf@y=\dimen131
\pgf@xa=\dimen132
\pgf@ya=\dimen133
\pgf@xb=\dimen134
\pgf@yb=\dimen135
\pgf@xc=\dimen136
\pgf@yc=\dimen137
\pgf@xd=\dimen138
\pgf@yd=\dimen139
\w@pgf@writea=\write3
\r@pgf@reada=\read1
\c@pgf@counta=\count108
\c@pgf@countb=\count109
\c@pgf@countc=\count110
\c@pgf@countd=\count111
\t@pgf@toka=\toks20
\t@pgf@tokb=\toks21
\t@pgf@tokc=\toks22
\pgf@sys@id@count=\count112

(/usr/local/texlive/2019/texmf-dist/tex/generic/pgf/systemlayer/pgf.cfg
File: pgf.cfg 2020/01/08 v3.1.5b (3.1.5b)
)
Driver file for pgf: pgfsys-pdftex.def

(/usr/local/texlive/2019/texmf-dist/tex/generic/pgf/systemlayer/pgfsys-pdftex.d
ef
File: pgfsys-pdftex.def 2020/01/08 v3.1.5b (3.1.5b)

(/usr/local/texlive/2019/texmf-dist/tex/generic/pgf/systemlayer/pgfsys-common-p
df.def
File: pgfsys-common-pdf.def 2020/01/08 v3.1.5b (3.1.5b)
)))
(/usr/local/texlive/2019/texmf-dist/tex/generic/pgf/systemlayer/pgfsyssoftpath.
code.tex
File: pgfsyssoftpath.code.tex 2020/01/08 v3.1.5b (3.1.5b)
\pgfsyssoftpath@smallbuffer@items=\count113
\pgfsyssoftpath@bigbuffer@items=\count114
)
(/usr/local/texlive/2019/texmf-dist/tex/generic/pgf/systemlayer/pgfsysprotocol.
code.tex
File: pgfsysprotocol.code.tex 2020/01/08 v3.1.5b (3.1.5b)
)) (/usr/local/texlive/2019/texmf-dist/tex/latex/xcolor/xcolor.sty
Package: xcolor 2016/05/11 v2.12 LaTeX color extensions (UK)

(/usr/local/texlive/2019/texmf-dist/tex/latex/graphics-cfg/color.cfg
File: color.cfg 2016/01/02 v1.6 sample color configuration
)
Package xcolor Info: Driver file: pdftex.def on input line 225.
Package xcolor Info: Model `cmy' substituted by `cmy0' on input line 1348.
Package xcolor Info: Model `hsb' substituted by `rgb' on input line 1352.
Package xcolor Info: Model `RGB' extended on input line 1364.
Package xcolor Info: Model `HTML' substituted by `rgb' on input line 1366.
Package xcolor Info: Model `Hsb' substituted by `hsb' on input line 1367.
Package xcolor Info: Model `tHsb' substituted by `hsb' on input line 1368.
Package xcolor Info: Model `HSB' substituted by `hsb' on input line 1369.
Package xcolor Info: Model `Gray' substituted by `gray' on input line 1370.
Package xcolor Info: Model `wave' substituted by `hsb' on input line 1371.
)
(/usr/local/texlive/2019/texmf-dist/tex/generic/pgf/basiclayer/pgfcore.code.tex
Package: pgfcore 2020/01/08 v3.1.5b (3.1.5b)
(/usr/local/texlive/2019/texmf-dist/tex/generic/pgf/math/pgfmath.code.tex
(/usr/local/texlive/2019/texmf-dist/tex/generic/pgf/math/pgfmathcalc.code.tex
(/usr/local/texlive/2019/texmf-dist/tex/generic/pgf/math/pgfmathutil.code.tex)
(/usr/local/texlive/2019/texmf-dist/tex/generic/pgf/math/pgfmathparser.code.tex
\pgfmath@dimen=\dimen140
\pgfmath@count=\count115
\pgfmath@box=\box37
\pgfmath@toks=\toks23
\pgfmath@stack@operand=\toks24
\pgfmath@stack@operation=\toks25
)
(/usr/local/texlive/2019/texmf-dist/tex/generic/pgf/math/pgfmathfunctions.code.
tex
(/usr/local/texlive/2019/texmf-dist/tex/generic/pgf/math/pgfmathfunctions.basic
.code.tex)
(/usr/local/texlive/2019/texmf-dist/tex/generic/pgf/math/pgfmathfunctions.trigo
nometric.code.tex)
(/usr/local/texlive/2019/texmf-dist/tex/generic/pgf/math/pgfmathfunctions.rando
m.code.tex)
(/usr/local/texlive/2019/texmf-dist/tex/generic/pgf/math/pgfmathfunctions.compa
rison.code.tex)
(/usr/local/texlive/2019/texmf-dist/tex/generic/pgf/math/pgfmathfunctions.base.
code.tex)
(/usr/local/texlive/2019/texmf-dist/tex/generic/pgf/math/pgfmathfunctions.round
.code.tex)
(/usr/local/texlive/2019/texmf-dist/tex/generic/pgf/math/pgfmathfunctions.misc.
code.tex)
(/usr/local/texlive/2019/texmf-dist/tex/generic/pgf/math/pgfmathfunctions.integ
erarithmetics.code.tex)))
(/usr/local/texlive/2019/texmf-dist/tex/generic/pgf/math/pgfmathfloat.code.tex
\c@pgfmathroundto@lastzeros=\count116
)) (/usr/local/texlive/2019/texmf-dist/tex/generic/pgf/math/pgfint.code.tex)
(/usr/local/texlive/2019/texmf-dist/tex/generic/pgf/basiclayer/pgfcorepoints.co
de.tex
File: pgfcorepoints.code.tex 2020/01/08 v3.1.5b (3.1.5b)
\pgf@picminx=\dimen141
\pgf@picmaxx=\dimen142
\pgf@picminy=\dimen143
\pgf@picmaxy=\dimen144
\pgf@pathminx=\dimen145
\pgf@pathmaxx=\dimen146
\pgf@pathminy=\dimen147
\pgf@pathmaxy=\dimen148
\pgf@xx=\dimen149
\pgf@xy=\dimen150
\pgf@yx=\dimen151
\pgf@yy=\dimen152
\pgf@zx=\dimen153
\pgf@zy=\dimen154
)
(/usr/local/texlive/2019/texmf-dist/tex/generic/pgf/basiclayer/pgfcorepathconst
ruct.code.tex
File: pgfcorepathconstruct.code.tex 2020/01/08 v3.1.5b (3.1.5b)
\pgf@path@lastx=\dimen155
\pgf@path@lasty=\dimen156
)
(/usr/local/texlive/2019/texmf-dist/tex/generic/pgf/basiclayer/pgfcorepathusage
.code.tex
File: pgfcorepathusage.code.tex 2020/01/08 v3.1.5b (3.1.5b)
\pgf@shorten@end@additional=\dimen157
\pgf@shorten@start@additional=\dimen158
)
(/usr/local/texlive/2019/texmf-dist/tex/generic/pgf/basiclayer/pgfcorescopes.co
de.tex
File: pgfcorescopes.code.tex 2020/01/08 v3.1.5b (3.1.5b)
\pgfpic=\box38
\pgf@hbox=\box39
\pgf@layerbox@main=\box40
\pgf@picture@serial@count=\count117
)
(/usr/local/texlive/2019/texmf-dist/tex/generic/pgf/basiclayer/pgfcoregraphicst
ate.code.tex
File: pgfcoregraphicstate.code.tex 2020/01/08 v3.1.5b (3.1.5b)
\pgflinewidth=\dimen159
)
(/usr/local/texlive/2019/texmf-dist/tex/generic/pgf/basiclayer/pgfcoretransform
ations.code.tex
File: pgfcoretransformations.code.tex 2020/01/08 v3.1.5b (3.1.5b)
\pgf@pt@x=\dimen160
\pgf@pt@y=\dimen161
\pgf@pt@temp=\dimen162
)
(/usr/local/texlive/2019/texmf-dist/tex/generic/pgf/basiclayer/pgfcorequick.cod
e.tex
File: pgfcorequick.code.tex 2020/01/08 v3.1.5b (3.1.5b)
)
(/usr/local/texlive/2019/texmf-dist/tex/generic/pgf/basiclayer/pgfcoreobjects.c
ode.tex
File: pgfcoreobjects.code.tex 2020/01/08 v3.1.5b (3.1.5b)
)
(/usr/local/texlive/2019/texmf-dist/tex/generic/pgf/basiclayer/pgfcorepathproce
ssing.code.tex
File: pgfcorepathprocessing.code.tex 2020/01/08 v3.1.5b (3.1.5b)
)
(/usr/local/texlive/2019/texmf-dist/tex/generic/pgf/basiclayer/pgfcorearrows.co
de.tex
File: pgfcorearrows.code.tex 2020/01/08 v3.1.5b (3.1.5b)
\pgfarrowsep=\dimen163
)
(/usr/local/texlive/2019/texmf-dist/tex/generic/pgf/basiclayer/pgfcoreshade.cod
e.tex
File: pgfcoreshade.code.tex 2020/01/08 v3.1.5b (3.1.5b)
\pgf@max=\dimen164
\pgf@sys@shading@range@num=\count118
\pgf@shadingcount=\count119
)
(/usr/local/texlive/2019/texmf-dist/tex/generic/pgf/basiclayer/pgfcoreimage.cod
e.tex
File: pgfcoreimage.code.tex 2020/01/08 v3.1.5b (3.1.5b)

(/usr/local/texlive/2019/texmf-dist/tex/generic/pgf/basiclayer/pgfcoreexternal.
code.tex
File: pgfcoreexternal.code.tex 2020/01/08 v3.1.5b (3.1.5b)
\pgfexternal@startupbox=\box41
))
(/usr/local/texlive/2019/texmf-dist/tex/generic/pgf/basiclayer/pgfcorelayers.co
de.tex
File: pgfcorelayers.code.tex 2020/01/08 v3.1.5b (3.1.5b)
)
(/usr/local/texlive/2019/texmf-dist/tex/generic/pgf/basiclayer/pgfcoretranspare
ncy.code.tex
File: pgfcoretransparency.code.tex 2020/01/08 v3.1.5b (3.1.5b)
)
(/usr/local/texlive/2019/texmf-dist/tex/generic/pgf/basiclayer/pgfcorepatterns.
code.tex
File: pgfcorepatterns.code.tex 2020/01/08 v3.1.5b (3.1.5b)
)
(/usr/local/texlive/2019/texmf-dist/tex/generic/pgf/basiclayer/pgfcorerdf.code.
tex
File: pgfcorerdf.code.tex 2020/01/08 v3.1.5b (3.1.5b)
))) (/usr/local/texlive/2019/texmf-dist/tex/latex/pgf/utilities/xxcolor.sty
Package: xxcolor 2003/10/24 ver 0.1
\XC@nummixins=\count120
\XC@countmixins=\count121
) (/usr/local/texlive/2019/texmf-dist/tex/generic/atbegshi/atbegshi.sty
Package: atbegshi 2019/12/05 v1.19 At begin shipout hook (HO)

(/usr/local/texlive/2019/texmf-dist/tex/generic/infwarerr/infwarerr.sty
Package: infwarerr 2019/12/03 v1.5 Providing info/warning/error messages (HO)
)
(/usr/local/texlive/2019/texmf-dist/tex/generic/ltxcmds/ltxcmds.sty
Package: ltxcmds 2019/12/15 v1.24 LaTeX kernel commands for general use (HO)
))
(/usr/local/texlive/2019/texmf-dist/tex/latex/hyperref/hyperref.sty
Package: hyperref 2020/01/14 v7.00d Hypertext links for LaTeX

(/usr/local/texlive/2019/texmf-dist/tex/latex/pdftexcmds/pdftexcmds.sty
Package: pdftexcmds 2019/11/24 v0.31 Utility functions of pdfTeX for LuaTeX (HO
)
Package pdftexcmds Info: \pdf@primitive is available.
Package pdftexcmds Info: \pdf@ifprimitive is available.
Package pdftexcmds Info: \pdfdraftmode found.
)
(/usr/local/texlive/2019/texmf-dist/tex/generic/kvsetkeys/kvsetkeys.sty
Package: kvsetkeys 2019/12/15 v1.18 Key value parser (HO)
)
(/usr/local/texlive/2019/texmf-dist/tex/generic/kvdefinekeys/kvdefinekeys.sty
Package: kvdefinekeys 2019-12-19 v1.6 Define keys (HO)
)
(/usr/local/texlive/2019/texmf-dist/tex/generic/oberdiek/pdfescape.sty
Package: pdfescape 2016/05/16 v1.14 Implements pdfTeX's escape features (HO)
)
(/usr/local/texlive/2019/texmf-dist/tex/latex/hycolor/hycolor.sty
Package: hycolor 2019/12/15 v1.9 Color options for hyperref/bookmark (HO)

(/usr/local/texlive/2019/texmf-dist/tex/latex/hycolor/xcolor-patch.sty
Package: xcolor-patch 2019/12/15 xcolor patch

(/usr/local/texlive/2019/texmf-dist/tex/latex/oberdiek/hopatch.sty
Package: hopatch 2016/05/16 v1.3 Wrapper for package hooks (HO)
)))
(/usr/local/texlive/2019/texmf-dist/tex/latex/letltxmacro/letltxmacro.sty
Package: letltxmacro 2019/12/03 v1.6 Let assignment for LaTeX macros (HO)
)
(/usr/local/texlive/2019/texmf-dist/tex/latex/auxhook/auxhook.sty
Package: auxhook 2019-12-17 v1.6 Hooks for auxiliary files (HO)
)
(/usr/local/texlive/2019/texmf-dist/tex/latex/kvoptions/kvoptions.sty
Package: kvoptions 2019/11/29 v3.13 Key value format for package options (HO)
)
\@linkdim=\dimen165
\Hy@linkcounter=\count122
\Hy@pagecounter=\count123

(/usr/local/texlive/2019/texmf-dist/tex/latex/hyperref/pd1enc.def
File: pd1enc.def 2020/01/14 v7.00d Hyperref: PDFDocEncoding definition (HO)
Now handling font encoding PD1 ...
... no UTF-8 mapping file for font encoding PD1
)
(/usr/local/texlive/2019/texmf-dist/tex/generic/intcalc/intcalc.sty
Package: intcalc 2019/12/15 v1.3 Expandable calculations with integers (HO)
)
(/usr/local/texlive/2019/texmf-dist/tex/generic/etexcmds/etexcmds.sty
Package: etexcmds 2019/12/15 v1.7 Avoid name clashes with e-TeX commands (HO)
)
\Hy@SavedSpaceFactor=\count124
\pdfmajorversion=\count125

(/usr/local/texlive/2019/texmf-dist/tex/latex/latexconfig/hyperref.cfg
File: hyperref.cfg 2002/06/06 v1.2 hyperref configuration of TeXLive
)
Package hyperref Info: Option `bookmarks' set `true' on input line 4421.
Package hyperref Info: Option `bookmarksopen' set `true' on input line 4421.
Package hyperref Info: Option `implicit' set `false' on input line 4421.
Package hyperref Info: Hyper figures OFF on input line 4547.
Package hyperref Info: Link nesting OFF on input line 4552.
Package hyperref Info: Hyper index ON on input line 4555.
Package hyperref Info: Plain pages OFF on input line 4562.
Package hyperref Info: Backreferencing OFF on input line 4567.
Package hyperref Info: Implicit mode OFF; no redefinition of LaTeX internals.
Package hyperref Info: Bookmarks ON on input line 4800.
\c@Hy@tempcnt=\count126

(/usr/local/texlive/2019/texmf-dist/tex/latex/url/url.sty
\Urlmuskip=\muskip10
Package: url 2013/09/16  ver 3.4  Verb mode for urls, etc.
)
LaTeX Info: Redefining \url on input line 5159.
\XeTeXLinkMargin=\dimen166

(/usr/local/texlive/2019/texmf-dist/tex/generic/bitset/bitset.sty
Package: bitset 2019/12/09 v1.3 Handle bit-vector datatype (HO)

(/usr/local/texlive/2019/texmf-dist/tex/generic/bigintcalc/bigintcalc.sty
Package: bigintcalc 2019/12/15 v1.5 Expandable calculations on big integers (HO
)
))
\Fld@menulength=\count127
\Field@Width=\dimen167
\Fld@charsize=\dimen168
Package hyperref Info: Hyper figures OFF on input line 6430.
Package hyperref Info: Link nesting OFF on input line 6435.
Package hyperref Info: Hyper index ON on input line 6438.
Package hyperref Info: backreferencing OFF on input line 6445.
Package hyperref Info: Link coloring OFF on input line 6450.
Package hyperref Info: Link coloring with OCG OFF on input line 6455.
Package hyperref Info: PDF/A mode OFF on input line 6460.
LaTeX Info: Redefining \ref on input line 6500.
LaTeX Info: Redefining \pageref on input line 6504.
\Hy@abspage=\count128


Package hyperref Message: Stopped early.

)
Package hyperref Info: Driver (autodetected): hpdftex.
 (/usr/local/texlive/2019/texmf-dist/tex/latex/hyperref/hpdftex.def
File: hpdftex.def 2020/01/14 v7.00d Hyperref driver for pdfTeX

(/usr/local/texlive/2019/texmf-dist/tex/latex/atveryend/atveryend.sty
Package: atveryend 2019-12-11 v1.11 Hooks at the very end of document (HO)
)
\Fld@listcount=\count129
\c@bookmark@seq@number=\count130

(/usr/local/texlive/2019/texmf-dist/tex/latex/oberdiek/rerunfilecheck.sty
Package: rerunfilecheck 2016/05/16 v1.8 Rerun checks for auxiliary files (HO)

(/usr/local/texlive/2019/texmf-dist/tex/generic/oberdiek/uniquecounter.sty
Package: uniquecounter 2016/05/16 v1.3 Provide unlimited unique counter (HO)
)
Package uniquecounter Info: New unique counter `rerunfilecheck' on input line 2
82.
))
(/usr/local/texlive/2019/texmf-dist/tex/latex/beamer/beamerbaserequires.sty
(/usr/local/texlive/2019/texmf-dist/tex/latex/beamer/beamerbasecompatibility.st
y) (/usr/local/texlive/2019/texmf-dist/tex/latex/beamer/beamerbasefont.sty
(/usr/local/texlive/2019/texmf-dist/tex/latex/amsfonts/amssymb.sty
Package: amssymb 2013/01/14 v3.01 AMS font symbols

(/usr/local/texlive/2019/texmf-dist/tex/latex/amsfonts/amsfonts.sty
Package: amsfonts 2013/01/14 v3.01 Basic AMSFonts support
\@emptytoks=\toks26
\symAMSa=\mathgroup4
\symAMSb=\mathgroup5
LaTeX Font Info:    Redeclaring math symbol \hbar on input line 98.
LaTeX Font Info:    Overwriting math alphabet `\mathfrak' in version `bold'
(Font)                  U/euf/m/n --> U/euf/b/n on input line 106.
))
(/usr/local/texlive/2019/texmf-dist/tex/latex/sansmathaccent/sansmathaccent.sty
Package: sansmathaccent 2013/03/28
(/usr/local/texlive/2019/texmf-dist/tex/latex/filehook/filehook.sty
Package: filehook 2019/10/03 v0.6 Hooks for input files
)))
(/usr/local/texlive/2019/texmf-dist/tex/latex/beamer/beamerbasetranslator.sty
(/usr/local/texlive/2019/texmf-dist/tex/latex/translator/translator.sty
Package: translator 2019-05-31 v1.12a Easy translation of strings in LaTeX
))
(/usr/local/texlive/2019/texmf-dist/tex/latex/beamer/beamerbasemisc.sty)
(/usr/local/texlive/2019/texmf-dist/tex/latex/beamer/beamerbasetwoscreens.sty)
(/usr/local/texlive/2019/texmf-dist/tex/latex/beamer/beamerbaseoverlay.sty
\beamer@argscount=\count131
\beamer@lastskipcover=\skip44
\beamer@trivlistdepth=\count132
)
(/usr/local/texlive/2019/texmf-dist/tex/latex/beamer/beamerbasetitle.sty)
(/usr/local/texlive/2019/texmf-dist/tex/latex/beamer/beamerbasesection.sty
\c@lecture=\count133
\c@part=\count134
\c@section=\count135
\c@subsection=\count136
\c@subsubsection=\count137
)
(/usr/local/texlive/2019/texmf-dist/tex/latex/beamer/beamerbaseframe.sty
\beamer@framebox=\box42
\beamer@frametitlebox=\box43
\beamer@zoombox=\box44
\beamer@zoomcount=\count138
\beamer@zoomframecount=\count139
\beamer@frametextheight=\dimen169
\c@subsectionslide=\count140
\beamer@frametopskip=\skip45
\beamer@framebottomskip=\skip46
\beamer@frametopskipautobreak=\skip47
\beamer@framebottomskipautobreak=\skip48
\beamer@envbody=\toks27
\framewidth=\dimen170
\c@framenumber=\count141
)
(/usr/local/texlive/2019/texmf-dist/tex/latex/beamer/beamerbaseverbatim.sty
\beamer@verbatimfileout=\write4
)
(/usr/local/texlive/2019/texmf-dist/tex/latex/beamer/beamerbaseframesize.sty
\beamer@splitbox=\box45
\beamer@autobreakcount=\count142
\beamer@autobreaklastheight=\dimen171
\beamer@frametitletoks=\toks28
\beamer@framesubtitletoks=\toks29
)
(/usr/local/texlive/2019/texmf-dist/tex/latex/beamer/beamerbaseframecomponents.
sty
\beamer@footins=\box46
) (/usr/local/texlive/2019/texmf-dist/tex/latex/beamer/beamerbasecolor.sty)
(/usr/local/texlive/2019/texmf-dist/tex/latex/beamer/beamerbasenotes.sty
\beamer@frameboxcopy=\box47
)
(/usr/local/texlive/2019/texmf-dist/tex/latex/beamer/beamerbasetoc.sty)
(/usr/local/texlive/2019/texmf-dist/tex/latex/beamer/beamerbasetemplates.sty
\beamer@sbttoks=\toks30

(/usr/local/texlive/2019/texmf-dist/tex/latex/beamer/beamerbaseauxtemplates.sty
(/usr/local/texlive/2019/texmf-dist/tex/latex/beamer/beamerbaseboxes.sty
\bmb@box=\box48
\bmb@colorbox=\box49
\bmb@boxshadow=\box50
\bmb@boxshadowball=\box51
\bmb@boxshadowballlarge=\box52
\bmb@temp=\dimen172
\bmb@dima=\dimen173
\bmb@dimb=\dimen174
\bmb@prevheight=\dimen175
)
\beamer@blockheadheight=\dimen176
))
(/usr/local/texlive/2019/texmf-dist/tex/latex/beamer/beamerbaselocalstructure.s
ty (/usr/local/texlive/2019/texmf-dist/tex/latex/tools/enumerate.sty
Package: enumerate 2015/07/23 v3.00 enumerate extensions (DPC)
\@enLab=\toks31
)
\c@figure=\count143
\c@table=\count144
\abovecaptionskip=\skip49
\belowcaptionskip=\skip50
)
(/usr/local/texlive/2019/texmf-dist/tex/latex/beamer/beamerbasenavigation.sty
\beamer@section@min@dim=\dimen177
)
(/usr/local/texlive/2019/texmf-dist/tex/latex/beamer/beamerbasetheorems.sty
(/usr/local/texlive/2019/texmf-dist/tex/latex/amsmath/amsmath.sty
Package: amsmath 2019/11/16 v2.17d AMS math features
\@mathmargin=\skip51

For additional information on amsmath, use the `?' option.
(/usr/local/texlive/2019/texmf-dist/tex/latex/amsmath/amstext.sty
Package: amstext 2000/06/29 v2.01 AMS text

(/usr/local/texlive/2019/texmf-dist/tex/latex/amsmath/amsgen.sty
File: amsgen.sty 1999/11/30 v2.0 generic functions
\@emptytoks=\toks32
\ex@=\dimen178
))
(/usr/local/texlive/2019/texmf-dist/tex/latex/amsmath/amsbsy.sty
Package: amsbsy 1999/11/29 v1.2d Bold Symbols
\pmbraise@=\dimen179
)
(/usr/local/texlive/2019/texmf-dist/tex/latex/amsmath/amsopn.sty
Package: amsopn 2016/03/08 v2.02 operator names
)
\inf@bad=\count145
LaTeX Info: Redefining \frac on input line 227.
\uproot@=\count146
\leftroot@=\count147
LaTeX Info: Redefining \overline on input line 389.
\classnum@=\count148
\DOTSCASE@=\count149
LaTeX Info: Redefining \ldots on input line 486.
LaTeX Info: Redefining \dots on input line 489.
LaTeX Info: Redefining \cdots on input line 610.
\Mathstrutbox@=\box53
\strutbox@=\box54
\big@size=\dimen180
LaTeX Font Info:    Redeclaring font encoding OML on input line 733.
LaTeX Font Info:    Redeclaring font encoding OMS on input line 734.
\macc@depth=\count150
\c@MaxMatrixCols=\count151
\dotsspace@=\muskip11
\c@parentequation=\count152
\dspbrk@lvl=\count153
\tag@help=\toks33
\row@=\count154
\column@=\count155
\maxfields@=\count156
\andhelp@=\toks34
\eqnshift@=\dimen181
\alignsep@=\dimen182
\tagshift@=\dimen183
\tagwidth@=\dimen184
\totwidth@=\dimen185
\lineht@=\dimen186
\@envbody=\toks35
\multlinegap=\skip52
\multlinetaggap=\skip53
\mathdisplay@stack=\toks36
LaTeX Info: Redefining \[ on input line 2858.
LaTeX Info: Redefining \] on input line 2859.
)
(/usr/local/texlive/2019/texmf-dist/tex/latex/amscls/amsthm.sty
Package: amsthm 2017/10/31 v2.20.4
\thm@style=\toks37
\thm@bodyfont=\toks38
\thm@headfont=\toks39
\thm@notefont=\toks40
\thm@headpunct=\toks41
\thm@preskip=\skip54
\thm@postskip=\skip55
\thm@headsep=\skip56
\dth@everypar=\toks42
)
\c@theorem=\count157
)
(/usr/local/texlive/2019/texmf-dist/tex/latex/beamer/beamerbasethemes.sty))
(/usr/local/texlive/2019/texmf-dist/tex/latex/beamer/beamerthemedefault.sty
(/usr/local/texlive/2019/texmf-dist/tex/latex/beamer/beamerfontthemedefault.sty
)
(/usr/local/texlive/2019/texmf-dist/tex/latex/beamer/beamercolorthemedefault.st
y)
(/usr/local/texlive/2019/texmf-dist/tex/latex/beamer/beamerinnerthemedefault.st
y
\beamer@dima=\dimen187
\beamer@dimb=\dimen188
)
(/usr/local/texlive/2019/texmf-dist/tex/latex/beamer/beamerouterthemedefault.st
y))) (./beamerthemeCornell.sty
(/usr/local/texlive/2019/texmf-dist/tex/latex/beamer/beamerthemeRochester.sty
(/usr/local/texlive/2019/texmf-dist/tex/latex/beamer/beamerouterthemesidebar.st
y
\beamer@sidebarwidth=\dimen189
\beamer@headheight=\dimen190
)
(/usr/local/texlive/2019/texmf-dist/tex/latex/beamer/beamerinnerthemerectangles
.sty)
(/usr/local/texlive/2019/texmf-dist/tex/latex/beamer/beamercolorthemewhale.sty)

(/usr/local/texlive/2019/texmf-dist/tex/latex/beamer/beamercolorthemeorchid.sty
)) (/usr/local/texlive/2019/texmf-dist/tex/latex/pgf/basiclayer/pgf.sty
Package: pgf 2020/01/08 v3.1.5b (3.1.5b)

(/usr/local/texlive/2019/texmf-dist/tex/generic/pgf/modules/pgfmoduleshapes.cod
e.tex
File: pgfmoduleshapes.code.tex 2020/01/08 v3.1.5b (3.1.5b)
\pgfnodeparttextbox=\box55
)
(/usr/local/texlive/2019/texmf-dist/tex/generic/pgf/modules/pgfmoduleplot.code.
tex
File: pgfmoduleplot.code.tex 2020/01/08 v3.1.5b (3.1.5b)
)
(/usr/local/texlive/2019/texmf-dist/tex/latex/pgf/compatibility/pgfcomp-version
-0-65.sty
Package: pgfcomp-version-0-65 2020/01/08 v3.1.5b (3.1.5b)
\pgf@nodesepstart=\dimen191
\pgf@nodesepend=\dimen192
)
(/usr/local/texlive/2019/texmf-dist/tex/latex/pgf/compatibility/pgfcomp-version
-1-18.sty
Package: pgfcomp-version-1-18 2020/01/08 v3.1.5b (3.1.5b)
))
(/usr/local/texlive/2019/texmf-dist/tex/latex/beamer/beamercolorthemestructure.
sty))
(/usr/local/texlive/2019/texmf-dist/tex/latex/beamer/beamerfontthemeprofessiona
lfonts.sty) (/usr/local/texlive/2019/texmf-dist/tex/latex/base/latexsym.sty
Package: latexsym 1998/08/17 v2.2e Standard LaTeX package (lasy symbols)
\symlasy=\mathgroup6
LaTeX Font Info:    Overwriting symbol font `lasy' in version `bold'
(Font)                  U/lasy/m/n --> U/lasy/b/n on input line 52.
)
(/usr/local/texlive/2019/texmf-dist/tex/latex/float/float.sty
Package: float 2001/11/08 v1.3d Float enhancements (AL)
\c@float@type=\count158
\float@exts=\toks43
\float@box=\box56
\@float@everytoks=\toks44
\@floatcapt=\box57
)
(/usr/local/texlive/2019/texmf-dist/tex/latex/base/inputenc.sty
Package: inputenc 2018/08/11 v1.3c Input encoding file
\inpenc@prehook=\toks45
\inpenc@posthook=\toks46
)
(/usr/local/texlive/2019/texmf-dist/tex/generic/babel/babel.sty
Package: babel 2020/01/15 3.38 The Babel package

(/usr/local/texlive/2019/texmf-dist/tex/generic/babel/switch.def
File: switch.def 2020/01/15 3.38 Babel switching mechanism
)
(/usr/local/texlive/2019/texmf-dist/tex/generic/babel-english/english.ldf
Language: english 2017/06/06 v3.3r English support from the babel system

(/usr/local/texlive/2019/texmf-dist/tex/generic/babel/babel.def
File: babel.def 2020/01/15 3.38 Babel common definitions
\babel@savecnt=\count159
\U@D=\dimen193

(/usr/local/texlive/2019/texmf-dist/tex/generic/babel/txtbabel.def)
\bbl@readstream=\read2
LaTeX Info: Redefining \textlatin on input line 2285.
\bbl@dirlevel=\count160
)
Package babel Info: \l@canadian = using hyphenrules for english
(babel)             (\language0) on input line 102.
Package babel Info: \l@australian = using hyphenrules for ukenglish
(babel)             (\language21) on input line 105.
Package babel Info: \l@newzealand = using hyphenrules for ukenglish
(babel)             (\language21) on input line 108.
))
(/usr/local/texlive/2019/texmf-dist/tex/latex/lm/lmodern.sty
Package: lmodern 2009/10/30 v1.6 Latin Modern Fonts
LaTeX Font Info:    Overwriting symbol font `operators' in version `normal'
(Font)                  OT1/cmr/m/n --> OT1/lmr/m/n on input line 22.
LaTeX Font Info:    Overwriting symbol font `letters' in version `normal'
(Font)                  OML/cmm/m/it --> OML/lmm/m/it on input line 23.
LaTeX Font Info:    Overwriting symbol font `symbols' in version `normal'
(Font)                  OMS/cmsy/m/n --> OMS/lmsy/m/n on input line 24.
LaTeX Font Info:    Overwriting symbol font `largesymbols' in version `normal'
(Font)                  OMX/cmex/m/n --> OMX/lmex/m/n on input line 25.
LaTeX Font Info:    Overwriting symbol font `operators' in version `bold'
(Font)                  OT1/cmr/bx/n --> OT1/lmr/bx/n on input line 26.
LaTeX Font Info:    Overwriting symbol font `letters' in version `bold'
(Font)                  OML/cmm/b/it --> OML/lmm/b/it on input line 27.
LaTeX Font Info:    Overwriting symbol font `symbols' in version `bold'
(Font)                  OMS/cmsy/b/n --> OMS/lmsy/b/n on input line 28.
LaTeX Font Info:    Overwriting symbol font `largesymbols' in version `bold'
(Font)                  OMX/cmex/m/n --> OMX/lmex/m/n on input line 29.
LaTeX Font Info:    Overwriting math alphabet `\mathbf' in version `normal'
(Font)                  OT1/cmr/bx/n --> OT1/lmr/bx/n on input line 31.
LaTeX Font Info:    Overwriting math alphabet `\mathsf' in version `normal'
(Font)                  OT1/cmss/m/n --> OT1/lmss/m/n on input line 32.
LaTeX Font Info:    Overwriting math alphabet `\mathit' in version `normal'
(Font)                  OT1/cmr/m/it --> OT1/lmr/m/it on input line 33.
LaTeX Font Info:    Overwriting math alphabet `\mathtt' in version `normal'
(Font)                  OT1/cmtt/m/n --> OT1/lmtt/m/n on input line 34.
LaTeX Font Info:    Overwriting math alphabet `\mathbf' in version `bold'
(Font)                  OT1/cmr/bx/n --> OT1/lmr/bx/n on input line 35.
LaTeX Font Info:    Overwriting math alphabet `\mathsf' in version `bold'
(Font)                  OT1/cmss/bx/n --> OT1/lmss/bx/n on input line 36.
LaTeX Font Info:    Overwriting math alphabet `\mathit' in version `bold'
(Font)                  OT1/cmr/bx/it --> OT1/lmr/bx/it on input line 37.
LaTeX Font Info:    Overwriting math alphabet `\mathtt' in version `bold'
(Font)                  OT1/cmtt/m/n --> OT1/lmtt/m/n on input line 38.
)
(/usr/local/texlive/2019/texmf-dist/tex/generic/thumbpdf/thumbpdf.sty
Package: thumbpdf 2018/09/07 v3.17 Inclusion of thumbnails (HO)
THUMBPDF: Compressed PDF objects of PDF 1.5 are not supported
)
(/usr/local/texlive/2019/texmf-dist/tex/latex/wasysym/wasysym.sty
Package: wasysym 2020/01/19 v2.4 Wasy-2 symbol support package
\symwasy=\mathgroup7
LaTeX Font Info:    Overwriting symbol font `wasy' in version `bold'
(Font)                  U/wasy/m/n --> U/wasy/b/n on input line 93.
)
(/usr/local/texlive/2019/texmf-dist/tex/latex/tools/longtable.sty
Package: longtable 2019/02/06 v4.12 Multi-page Table package (DPC)
\LTleft=\skip57
\LTright=\skip58
\LTpre=\skip59
\LTpost=\skip60
\LTchunksize=\count161
\LTcapwidth=\dimen194
\LT@head=\box58
\LT@firsthead=\box59
\LT@foot=\box60
\LT@lastfoot=\box61
\LT@cols=\count162
\LT@rows=\count163
\c@LT@tables=\count164
\c@LT@chunks=\count165
\LT@p@ftn=\toks47
)
(/usr/local/texlive/2019/texmf-dist/tex/latex/colortbl/colortbl.sty
Package: colortbl 2018/12/12 v1.0d Color table columns (DPC)

(/usr/local/texlive/2019/texmf-dist/tex/latex/tools/array.sty
Package: array 2019/08/31 v2.4l Tabular extension package (FMi)
\col@sep=\dimen195
\ar@mcellbox=\box62
\extrarowheight=\dimen196
\NC@list=\toks48
\extratabsurround=\skip61
\backup@length=\skip62
\ar@cellbox=\box63
)
\everycr=\toks49
\minrowclearance=\skip63
)
(/usr/local/texlive/2019/texmf-dist/tex/latex/tools/multicol.sty
Package: multicol 2019/03/01 v1.8w multicolumn formatting (FMi)
\c@tracingmulticols=\count166
\mult@box=\box64
\multicol@leftmargin=\dimen197
\c@unbalance=\count167
\c@collectmore=\count168
\doublecol@number=\count169
\multicoltolerance=\count170
\multicolpretolerance=\count171
\full@width=\dimen198
\page@free=\dimen199
\premulticols=\dimen256
\postmulticols=\dimen257
\multicolsep=\skip64
\multicolbaselineskip=\skip65
\partial@page=\box65
\last@line=\box66
\maxbalancingoverflow=\dimen258
\mult@rightbox=\box67
\mult@grightbox=\box68
\mult@gfirstbox=\box69
\mult@firstbox=\box70
\@tempa=\box71
\@tempa=\box72
\@tempa=\box73
\@tempa=\box74
\@tempa=\box75
\@tempa=\box76
\@tempa=\box77
\@tempa=\box78
\@tempa=\box79
\@tempa=\box80
\@tempa=\box81
\@tempa=\box82
\@tempa=\box83
\@tempa=\box84
\@tempa=\box85
\@tempa=\box86
\@tempa=\box87
\c@minrows=\count172
\c@columnbadness=\count173
\c@finalcolumnbadness=\count174
\last@try=\dimen259
\multicolovershoot=\dimen260
\multicolundershoot=\dimen261
\mult@nat@firstbox=\box88
\colbreak@box=\box89
\mc@col@check@num=\count175
)
(/usr/local/texlive/2019/texmf-dist/tex/latex/multirow/multirow.sty
Package: multirow 2019/05/31 v2.5 Span multiple rows of a table
\multirow@colwidth=\skip66
\multirow@cntb=\count176
\multirow@dima=\skip67
\bigstrutjot=\dimen262
)
(./config/metainfo.tex)) (./config/hyphenation.tex)
(/usr/local/texlive/2019/texmf-dist/tex/latex/booktabs/booktabs.sty
Package: booktabs 2020/01/12 v1.61803398 Publication quality tables
\heavyrulewidth=\dimen263
\lightrulewidth=\dimen264
\cmidrulewidth=\dimen265
\belowrulesep=\dimen266
\belowbottomsep=\dimen267
\aboverulesep=\dimen268
\abovetopsep=\dimen269
\cmidrulesep=\dimen270
\cmidrulekern=\dimen271
\defaultaddspace=\dimen272
\@cmidla=\count177
\@cmidlb=\count178
\@aboverulesep=\dimen273
\@belowrulesep=\dimen274
\@thisruleclass=\count179
\@lastruleclass=\count180
\@thisrulewidth=\dimen275
)
(./presentation.aux)
\openout1 = `presentation.aux'.

LaTeX Font Info:    Checking defaults for OML/cmm/m/it on input line 6.
LaTeX Font Info:    ... okay on input line 6.
LaTeX Font Info:    Checking defaults for T1/cmr/m/n on input line 6.
LaTeX Font Info:    ... okay on input line 6.
LaTeX Font Info:    Checking defaults for OT1/cmr/m/n on input line 6.
LaTeX Font Info:    ... okay on input line 6.
LaTeX Font Info:    Checking defaults for OMS/cmsy/m/n on input line 6.
LaTeX Font Info:    ... okay on input line 6.
LaTeX Font Info:    Checking defaults for OMX/cmex/m/n on input line 6.
LaTeX Font Info:    ... okay on input line 6.
LaTeX Font Info:    Checking defaults for U/cmr/m/n on input line 6.
LaTeX Font Info:    ... okay on input line 6.
LaTeX Font Info:    Checking defaults for PD1/pdf/m/n on input line 6.
LaTeX Font Info:    ... okay on input line 6.
LaTeX Font Info:    Trying to load font information for OT1+lmss on input line 
6.

(/usr/local/texlive/2019/texmf-dist/tex/latex/lm/ot1lmss.fd
File: ot1lmss.fd 2009/10/30 v1.6 Font defs for Latin Modern
)
*geometry* driver: auto-detecting
*geometry* detected driver: pdftex
*geometry* verbose mode - [ preamble ] result:
* driver: pdftex
* paper: custom
* layout: <same size as paper>
* layoutoffset:(h,v)=(0.0pt,0.0pt)
* modes: includehead includefoot 
* h-part:(L,W,R)=(28.45274pt, 307.28987pt, 28.45274pt)
* v-part:(T,H,B)=(0.0pt, 273.14662pt, 0.0pt)
* \paperwidth=364.19536pt
* \paperheight=273.14662pt
* \textwidth=307.28987pt
* \textheight=244.6939pt
* \oddsidemargin=-43.81725pt
* \evensidemargin=-43.81725pt
* \topmargin=-72.26999pt
* \headheight=14.22636pt
* \headsep=0.0pt
* \topskip=12.0pt
* \footskip=14.22636pt
* \marginparwidth=4.0pt
* \marginparsep=10.0pt
* \columnsep=10.0pt
* \skip\footins=10.8pt plus 4.0pt minus 2.0pt
* \hoffset=0.0pt
* \voffset=0.0pt
* \mag=1000
* \@twocolumnfalse
* \@twosidefalse
* \@mparswitchfalse
* \@reversemarginfalse
* (1in=72.27pt=25.4mm, 1cm=28.453pt)

(/usr/local/texlive/2019/texmf-dist/tex/context/base/mkii/supp-pdf.mkii
[Loading MPS to PDF converter (version 2006.09.02).]
\scratchcounter=\count181
\scratchdimen=\dimen276
\scratchbox=\box90
\nofMPsegments=\count182
\nofMParguments=\count183
\everyMPshowfont=\toks50
\MPscratchCnt=\count184
\MPscratchDim=\dimen277
\MPnumerator=\count185
\makeMPintoPDFobject=\count186
\everyMPtoPDFconversion=\toks51
) (/usr/local/texlive/2019/texmf-dist/tex/latex/epstopdf-pkg/epstopdf-base.sty
Package: epstopdf-base 2019-12-09 v2.10 Base part for package epstopdf
Package epstopdf-base Info: Redefining graphics rule for `.eps' on input line 4
85.

(/usr/local/texlive/2019/texmf-dist/tex/latex/latexconfig/epstopdf-sys.cfg
File: epstopdf-sys.cfg 2010/07/13 v1.3 Configuration of (r)epstopdf for TeX Liv
e
))
ABD: EveryShipout initializing macros
\AtBeginShipoutBox=\box91
Package hyperref Info: Link coloring OFF on input line 6.

(/usr/local/texlive/2019/texmf-dist/tex/latex/hyperref/nameref.sty
Package: nameref 2019/09/16 v2.46 Cross-referencing by name of section

(/usr/local/texlive/2019/texmf-dist/tex/latex/oberdiek/refcount.sty
Package: refcount 2016/05/16 v3.5 Data extraction from label references (HO)
)
(/usr/local/texlive/2019/texmf-dist/tex/generic/gettitlestring/gettitlestring.s
ty
Package: gettitlestring 2019/12/15 v1.6 Cleanup title references (HO)
)
\c@section@level=\count187
)
LaTeX Info: Redefining \ref on input line 6.
LaTeX Info: Redefining \pageref on input line 6.
LaTeX Info: Redefining \nameref on input line 6.
 (./presentation.out) (./presentation.out)
\@outlinefile=\write5
\openout5 = `presentation.out'.


(/usr/local/texlive/2019/texmf-dist/tex/latex/translator/translator-basic-dicti
onary-English.dict
Dictionary: translator-basic-dictionary, Language: English 
)
(/usr/local/texlive/2019/texmf-dist/tex/latex/translator/translator-bibliograph
y-dictionary-English.dict
Dictionary: translator-bibliography-dictionary, Language: English 
)
(/usr/local/texlive/2019/texmf-dist/tex/latex/translator/translator-environment
-dictionary-English.dict
Dictionary: translator-environment-dictionary, Language: English 
)
(/usr/local/texlive/2019/texmf-dist/tex/latex/translator/translator-months-dict
ionary-English.dict
Dictionary: translator-months-dictionary, Language: English 
)
(/usr/local/texlive/2019/texmf-dist/tex/latex/translator/translator-numbers-dic
tionary-English.dict
Dictionary: translator-numbers-dictionary, Language: English 
)
(/usr/local/texlive/2019/texmf-dist/tex/latex/translator/translator-theorem-dic
tionary-English.dict
Dictionary: translator-theorem-dictionary, Language: English 
) (./presentation.nav)
Overfull \hbox (367.37146pt too wide) detected at line 6
  [] [] [] [] [] [] [] [] [] [] [] [] 
 []


Overfull \hbox (2.12503pt too wide) in paragraph at lines 6--6
[][]  
 []


Overfull \hbox (367.37146pt too wide) has occurred while \output is active
  [] [] [] [] [] [] [] [] [] [] [] [] 
 []


Overfull \hbox (2.12503pt too wide) has occurred while \output is active
[][] 
 []

[1{/usr/local/texlive/2019/texmf-var/fonts/map/pdftex/updmap/pdftex.map}

 <./images/uniheader.pdf>] (./presentation.toc)
Overfull \hbox (367.37146pt too wide) has occurred while \output is active
  [] [] [] [] [] [] [] [] [] [] [] [] 
 []


Overfull \hbox (2.12503pt too wide) has occurred while \output is active
[][] 
 []

[2

] (./presentation.toc)
Overfull \vbox (64.92133pt too high) detected at line 52
 []


Overfull \hbox (367.37146pt too wide) has occurred while \output is active
  [] [] [] [] [] [] [] [] [] [] [] [] 
 []


Overfull \hbox (2.12503pt too wide) has occurred while \output is active
[][] 
 []

[3

]
LaTeX Font Info:    Trying to load font information for OT1+lmr on input line 1
07.
 (/usr/local/texlive/2019/texmf-dist/tex/latex/lm/ot1lmr.fd
File: ot1lmr.fd 2009/10/30 v1.6 Font defs for Latin Modern
)
LaTeX Font Info:    Trying to load font information for OML+lmm on input line 1
07.

(/usr/local/texlive/2019/texmf-dist/tex/latex/lm/omllmm.fd
File: omllmm.fd 2009/10/30 v1.6 Font defs for Latin Modern
)
LaTeX Font Info:    Trying to load font information for OMS+lmsy on input line 
107.

(/usr/local/texlive/2019/texmf-dist/tex/latex/lm/omslmsy.fd
File: omslmsy.fd 2009/10/30 v1.6 Font defs for Latin Modern
)
LaTeX Font Info:    Trying to load font information for OMX+lmex on input line 
107.

(/usr/local/texlive/2019/texmf-dist/tex/latex/lm/omxlmex.fd
File: omxlmex.fd 2009/10/30 v1.6 Font defs for Latin Modern
)
LaTeX Font Info:    External font `lmex10' loaded for size
(Font)              <12> on input line 107.
LaTeX Font Info:    External font `lmex10' loaded for size
(Font)              <8> on input line 107.
LaTeX Font Info:    External font `lmex10' loaded for size
(Font)              <6> on input line 107.
LaTeX Font Info:    Trying to load font information for U+msa on input line 107
.

(/usr/local/texlive/2019/texmf-dist/tex/latex/amsfonts/umsa.fd
File: umsa.fd 2013/01/14 v3.01 AMS symbols A
)
LaTeX Font Info:    Trying to load font information for U+msb on input line 107
.

(/usr/local/texlive/2019/texmf-dist/tex/latex/amsfonts/umsb.fd
File: umsb.fd 2013/01/14 v3.01 AMS symbols B
)
LaTeX Font Info:    Trying to load font information for U+lasy on input line 10
7.

(/usr/local/texlive/2019/texmf-dist/tex/latex/base/ulasy.fd
File: ulasy.fd 1998/08/17 v2.2e LaTeX symbol font definitions
)
LaTeX Font Info:    Trying to load font information for U+wasy on input line 10
7.

(/usr/local/texlive/2019/texmf-dist/tex/latex/wasysym/uwasy.fd
File: uwasy.fd 2020/01/19 v2.4 Wasy-2 symbol font definitions
)
Overfull \hbox (367.37146pt too wide) has occurred while \output is active
  [] [] [] [] [] [] [] [] [] [] [] [] 
 []


Overfull \hbox (2.12503pt too wide) has occurred while \output is active
[][] 
 []

[4

]
Overfull \hbox (367.37146pt too wide) has occurred while \output is active
  [] [] [] [] [] [] [] [] [] [] [] [] 
 []


Overfull \hbox (2.12503pt too wide) has occurred while \output is active
[][] 
 []

[5

] (./presentation.toc)
Overfull \vbox (64.92133pt too high) detected at line 124
 []


Overfull \hbox (367.37146pt too wide) has occurred while \output is active
  [] [] [] [] [] [] [] [] [] [] [] [] 
 []


Overfull \hbox (2.12503pt too wide) has occurred while \output is active
[][] 
 []

[6

]
Overfull \hbox (367.37146pt too wide) has occurred while \output is active
  [] [] [] [] [] [] [] [] [] [] [] [] 
 []


Overfull \hbox (2.12503pt too wide) has occurred while \output is active
[][] 
 []

[7

]
Overfull \hbox (367.37146pt too wide) has occurred while \output is active
  [] [] [] [] [] [] [] [] [] [] [] [] 
 []


Overfull \hbox (2.12503pt too wide) has occurred while \output is active
[][] 
 []

[8

] (./presentation.toc)
Overfull \vbox (64.92133pt too high) detected at line 134
 []


Overfull \hbox (367.37146pt too wide) has occurred while \output is active
  [] [] [] [] [] [] [] [] [] [] [] [] 
 []


Overfull \hbox (2.12503pt too wide) has occurred while \output is active
[][] 
 []

[9

]
Overfull \hbox (367.37146pt too wide) has occurred while \output is active
  [] [] [] [] [] [] [] [] [] [] [] [] 
 []


Overfull \hbox (2.12503pt too wide) has occurred while \output is active
[][] 
 []

[10

] (./presentation.toc)
Overfull \vbox (64.92133pt too high) detected at line 140
 []


Overfull \hbox (367.37146pt too wide) has occurred while \output is active
  [] [] [] [] [] [] [] [] [] [] [] [] 
 []


Overfull \hbox (2.12503pt too wide) has occurred while \output is active
[][] 
 []

[11

] (./presentation.toc)
Overfull \vbox (64.92133pt too high) detected at line 142
 []


Overfull \hbox (367.37146pt too wide) has occurred while \output is active
  [] [] [] [] [] [] [] [] [] [] [] [] 
 []


Overfull \hbox (2.12503pt too wide) has occurred while \output is active
[][] 
 []

[12

] (./presentation.toc)
Overfull \vbox (64.92133pt too high) detected at line 144
 []


Overfull \hbox (367.37146pt too wide) has occurred while \output is active
  [] [] [] [] [] [] [] [] [] [] [] [] 
 []


Overfull \hbox (2.12503pt too wide) has occurred while \output is active
[][] 
 []

[13

] (./presentation.toc)
Overfull \vbox (64.92133pt too high) detected at line 146
 []


Overfull \hbox (367.37146pt too wide) has occurred while \output is active
  [] [] [] [] [] [] [] [] [] [] [] [] 
 []


Overfull \hbox (2.12503pt too wide) has occurred while \output is active
[][] 
 []

[14

] (./presentation.toc)
Overfull \vbox (64.92133pt too high) detected at line 148
 []


Overfull \hbox (367.37146pt too wide) has occurred while \output is active
  [] [] [] [] [] [] [] [] [] [] [] [] 
 []


Overfull \hbox (2.12503pt too wide) has occurred while \output is active
[][] 
 []

[15

]
Overfull \hbox (367.37146pt too wide) has occurred while \output is active
  [] [] [] [] [] [] [] [] [] [] [] [] 
 []


Overfull \hbox (2.12503pt too wide) has occurred while \output is active
[][] 
 []

[16

] (./presentation.toc)
Overfull \vbox (64.92133pt too high) detected at line 153
 []


Overfull \hbox (367.37146pt too wide) has occurred while \output is active
  [] [] [] [] [] [] [] [] [] [] [] [] 
 []


Overfull \hbox (2.12503pt too wide) has occurred while \output is active
[][] 
 []

[17

]
LaTeX Font Info:    Trying to load font information for OT1+lmtt on input line 
157.
 (/usr/local/texlive/2019/texmf-dist/tex/latex/lm/ot1lmtt.fd
File: ot1lmtt.fd 2009/10/30 v1.6 Font defs for Latin Modern
)

LaTeX Warning: Citation `Knuth.1986' on page 18 undefined on input line 157.


Overfull \hbox (367.37146pt too wide) has occurred while \output is active
  [] [] [] [] [] [] [] [] [] [] [] [] 
 []


Overfull \hbox (2.12503pt too wide) has occurred while \output is active
[][] 
 []

[18

]
No file presentation.bbl.

Overfull \hbox (367.37146pt too wide) has occurred while \output is active
  [] [] [] [] [] [] [] [] [] [] [] [] 
 []


Overfull \hbox (2.12503pt too wide) has occurred while \output is active
[][] 
 []

[19

]
\tf@nav=\write6
\openout6 = `presentation.nav'.

\tf@toc=\write7
\openout7 = `presentation.toc'.

\tf@snm=\write8
\openout8 = `presentation.snm'.

Package atveryend Info: Empty hook `BeforeClearDocument' on input line 172.
Package atveryend Info: Empty hook `AfterLastShipout' on input line 172.
 (./presentation.aux)
Package atveryend Info: Executing hook `AtVeryEndDocument' on input line 172.
Package atveryend Info: Executing hook `AtEndAfterFileList' on input line 172.
Package rerunfilecheck Info: File `presentation.out' has not changed.
(rerunfilecheck)             Checksum: A1767300DD47B33D3CEA17659CBB114D;663.


LaTeX Warning: There were undefined references.

 ) 
Here is how much of TeX's memory you used:
 19862 strings out of 492162
 374987 string characters out of 6125292
 471612 words of memory out of 5000000
 23581 multiletter control sequences out of 15000+600000
 39879 words of font info for 48 fonts, out of 8000000 for 9000
 1144 hyphenation exceptions out of 8191
 61i,19n,63p,803b,655s stack positions out of 5000i,500n,10000p,200000b,80000s
{/usr/local/texlive/2019/texmf-dist/fonts/enc/dvips/lm/lm-rm.enc}{/usr/local/
texlive/2019/texmf-dist/fonts/enc/dvips/lm/lm-rmtt.enc}</usr/local/texlive/2019
/texmf-dist/fonts/type1/public/lm/lmss10.pfb></usr/local/texlive/2019/texmf-dis
t/fonts/type1/public/lm/lmss12.pfb></usr/local/texlive/2019/texmf-dist/fonts/ty
pe1/public/lm/lmss17.pfb></usr/local/texlive/2019/texmf-dist/fonts/type1/public
/lm/lmss8.pfb></usr/local/texlive/2019/texmf-dist/fonts/type1/public/lm/lmssbx1
0.pfb></usr/local/texlive/2019/texmf-dist/fonts/type1/public/lm/lmtt12.pfb>
Output written on presentation.pdf (19 pages, 173891 bytes).
PDF statistics:
 496 PDF objects out of 1000 (max. 8388607)
 447 compressed objects within 5 object streams
 50 named destinations out of 1000 (max. 500000)
 136 words of extra memory for PDF output out of 10000 (max. 10000000)

